<?xml version="1.0" encoding="UTF-8"?>
<testng-results ignored="0" total="1" passed="1" failed="0" skipped="0">
  <reporter-output>
  </reporter-output>
  <suite started-at="2018-08-16T20:41:43Z" name="Default suite" finished-at="2018-08-16T20:41:52Z" duration-ms="8861">
    <groups>
    </groups>
    <test started-at="2018-08-16T20:41:43Z" name="Default test" finished-at="2018-08-16T20:41:52Z" duration-ms="8861">
      <class name="Reports.ExtentReportDemo">
        <test-method is-config="true" signature="setup()[pri:0, instance:Reports.ExtentReportDemo@7c83dc97]" started-at="2018-08-16T20:41:43Z" name="setup" finished-at="2018-08-16T20:41:43Z" duration-ms="188" status="PASS">
          <reporter-output>
          </reporter-output>
        </test-method> <!-- setup -->
        <test-method signature="loginTest()[pri:0, instance:Reports.ExtentReportDemo@7c83dc97]" started-at="2018-08-16T20:41:43Z" name="loginTest" finished-at="2018-08-16T20:41:50Z" duration-ms="6470" status="PASS">
          <reporter-output>
          </reporter-output>
        </test-method> <!-- loginTest -->
        <test-method is-config="true" signature="tearDown(org.testng.ITestResult)[pri:0, instance:Reports.ExtentReportDemo@7c83dc97]" started-at="2018-08-16T20:41:50Z" name="tearDown" finished-at="2018-08-16T20:41:52Z" duration-ms="2177" status="PASS">
          <params>
            <param index="0">
              <value>
                <![CDATA[[TestResult name=loginTest status=SUCCESS method=ExtentReportDemo.loginTest()[pri:0, instance:Reports.ExtentReportDemo@7c83dc97] output={null}]]]>
              </value>
            </param>
          </params>
          <reporter-output>
          </reporter-output>
        </test-method> <!-- tearDown -->
      </class> <!-- Reports.ExtentReportDemo -->
    </test> <!-- Default test -->
  </suite> <!-- Default suite -->
</testng-results>
